<?xml version="1.0" encoding="UTF-8"?>
<!-- Generated by org.testng.reporters.JUnitXMLReporter -->
<testsuite ignored="2" hostname="DESKTOP-4HAEB1C" failures="0" tests="1" name="smokeTesting" time="0.134" errors="0" timestamp="2023-01-02T06:44:50 IST">
  <testcase classname="test.Sample2" name="tco2" time="0.021"/>
  <testcase classname="test.Sample" name="tc01" time="0.0">
    <ignored/>
  </testcase> <!-- tc01 -->
  <testcase classname="test.Sample3" name="tc03" time="0.0">
    <ignored/>
  </testcase> <!-- tc03 -->
</testsuite> <!-- smokeTesting -->
